<?xml version="1.0" encoding="UTF-8"?>
<!-- Generated by org.testng.reporters.JUnitReportReporter -->
<testsuite skipped="0" hostname="Admin" name="testngpractise.TestNgPractiseTest" tests="1" failures="0" timestamp="30 Mar 2018 09:29:36 GMT" time="0.011" errors="0">
  <testcase name="printtestMethod" time="0.011" classname="testngpractise.TestNgPractiseTest"/>
</testsuite> <!-- testngpractise.TestNgPractiseTest -->
