<?xml version="1.0" encoding="UTF-8"?>
<!-- Generated by org.testng.reporters.JUnitReportReporter -->
<testsuite skipped="0" hostname="Admin" name="testngpractise.DependOnMethod" tests="4" failures="0" timestamp="30 Mar 2018 09:46:15 GMT" time="0.027" errors="0">
  <testcase name="m" time="0.003" classname="testngpractise.DependOnMethod"/>
  <testcase name="a" time="0.005" classname="testngpractise.DependOnMethod"/>
  <testcase name="b" time="0.003" classname="testngpractise.DependOnMethod"/>
  <testcase name="A" time="0.016" classname="testngpractise.DependOnMethod"/>
</testsuite> <!-- testngpractise.DependOnMethod -->
