<?xml version="1.0" encoding="UTF-8"?>
<!-- Generated by org.testng.reporters.JUnitReportReporter -->
<testsuite skipped="1" hostname="Admin" name="testngpractise.TestNgAnnotationsAndAttributes" tests="2" failures="0" timestamp="30 Mar 2018 09:38:39 GMT" time="0.014" errors="0">
  <testcase name="m" time="0.014" classname="testngpractise.TestNgAnnotationsAndAttributes"/>
  <testcase name="a" classname="testngpractise.TestNgAnnotationsAndAttributes">
    <skipped/>
  </testcase> <!-- a -->
</testsuite> <!-- testngpractise.TestNgAnnotationsAndAttributes -->
