<?xml version="1.0" encoding="UTF-8"?>
<!-- Generated by org.testng.reporters.JUnitReportReporter -->
<testsuite skipped="0" hostname="Admin" name="scripts.TestValidLogin" tests="1" failures="0" timestamp="31 Mar 2018 07:05:44 GMT" time="33.679" errors="0">
  <testcase name="testValidLogin" time="33.679" classname="scripts.TestValidLogin"/>
</testsuite> <!-- scripts.TestValidLogin -->
